This is pdfTeX, Version 3.1415926-2.5-1.40.14 (TeX Live 2013/Debian) (format=pdflatex 2016.3.14)  26 AUG 2016 23:56
entering extended mode
 restricted \write18 enabled.
 %&-line parsing enabled.
**IC_Novo.tex
(./IC_Novo.tex
LaTeX2e <2011/06/27>
Babel <3.9h> and hyphenation patterns for 78 languages loaded.
(/usr/share/texlive/texmf-dist/tex/latex/base/article.cls
Document Class: article 2007/10/19 v1.4h Standard LaTeX document class
(/usr/share/texlive/texmf-dist/tex/latex/base/size11.clo
File: size11.clo 2007/10/19 v1.4h Standard LaTeX file (size option)
)
\c@part=\count79
\c@section=\count80
\c@subsection=\count81
\c@subsubsection=\count82
\c@paragraph=\count83
\c@subparagraph=\count84
\c@figure=\count85
\c@table=\count86
\abovecaptionskip=\skip41
\belowcaptionskip=\skip42
\bibindent=\dimen102
)
(/usr/share/texlive/texmf-dist/tex/generic/babel/babel.sty
Package: babel 2013/12/03 3.9h The Babel package

(/usr/share/texlive/texmf-dist/tex/generic/babel-portuges/portuges.ldf
Language: portuges 2008/03/18 v1.2q Portuguese support from the babel system

(/usr/share/texlive/texmf-dist/tex/generic/babel/babel.def
File: babel.def 2013/12/03 3.9h Babel common definitions
\babel@savecnt=\count87
\U@D=\dimen103
)
Package babel Info: Making " an active character on input line 145.
))
(/usr/share/texlive/texmf-dist/tex/latex/base/inputenc.sty
Package: inputenc 2008/03/30 v1.1d Input encoding file
\inpenc@prehook=\toks14
\inpenc@posthook=\toks15

(/usr/share/texlive/texmf-dist/tex/latex/base/utf8.def
File: utf8.def 2008/04/05 v1.1m UTF-8 support for inputenc
Now handling font encoding OML ...
... no UTF-8 mapping file for font encoding OML
Now handling font encoding T1 ...
... processing UTF-8 mapping file for font encoding T1

(/usr/share/texlive/texmf-dist/tex/latex/base/t1enc.dfu
File: t1enc.dfu 2008/04/05 v1.1m UTF-8 support for inputenc
   defining Unicode char U+00A1 (decimal 161)
   defining Unicode char U+00A3 (decimal 163)
   defining Unicode char U+00AB (decimal 171)
   defining Unicode char U+00BB (decimal 187)
   defining Unicode char U+00BF (decimal 191)
   defining Unicode char U+00C0 (decimal 192)
   defining Unicode char U+00C1 (decimal 193)
   defining Unicode char U+00C2 (decimal 194)
   defining Unicode char U+00C3 (decimal 195)
   defining Unicode char U+00C4 (decimal 196)
   defining Unicode char U+00C5 (decimal 197)
   defining Unicode char U+00C6 (decimal 198)
   defining Unicode char U+00C7 (decimal 199)
   defining Unicode char U+00C8 (decimal 200)
   defining Unicode char U+00C9 (decimal 201)
   defining Unicode char U+00CA (decimal 202)
   defining Unicode char U+00CB (decimal 203)
   defining Unicode char U+00CC (decimal 204)
   defining Unicode char U+00CD (decimal 205)
   defining Unicode char U+00CE (decimal 206)
   defining Unicode char U+00CF (decimal 207)
   defining Unicode char U+00D0 (decimal 208)
   defining Unicode char U+00D1 (decimal 209)
   defining Unicode char U+00D2 (decimal 210)
   defining Unicode char U+00D3 (decimal 211)
   defining Unicode char U+00D4 (decimal 212)
   defining Unicode char U+00D5 (decimal 213)
   defining Unicode char U+00D6 (decimal 214)
   defining Unicode char U+00D8 (decimal 216)
   defining Unicode char U+00D9 (decimal 217)
   defining Unicode char U+00DA (decimal 218)
   defining Unicode char U+00DB (decimal 219)
   defining Unicode char U+00DC (decimal 220)
   defining Unicode char U+00DD (decimal 221)
   defining Unicode char U+00DE (decimal 222)
   defining Unicode char U+00DF (decimal 223)
   defining Unicode char U+00E0 (decimal 224)
   defining Unicode char U+00E1 (decimal 225)
   defining Unicode char U+00E2 (decimal 226)
   defining Unicode char U+00E3 (decimal 227)
   defining Unicode char U+00E4 (decimal 228)
   defining Unicode char U+00E5 (decimal 229)
   defining Unicode char U+00E6 (decimal 230)
   defining Unicode char U+00E7 (decimal 231)
   defining Unicode char U+00E8 (decimal 232)
   defining Unicode char U+00E9 (decimal 233)
   defining Unicode char U+00EA (decimal 234)
   defining Unicode char U+00EB (decimal 235)
   defining Unicode char U+00EC (decimal 236)
   defining Unicode char U+00ED (decimal 237)
   defining Unicode char U+00EE (decimal 238)
   defining Unicode char U+00EF (decimal 239)
   defining Unicode char U+00F0 (decimal 240)
   defining Unicode char U+00F1 (decimal 241)
   defining Unicode char U+00F2 (decimal 242)
   defining Unicode char U+00F3 (decimal 243)
   defining Unicode char U+00F4 (decimal 244)
   defining Unicode char U+00F5 (decimal 245)
   defining Unicode char U+00F6 (decimal 246)
   defining Unicode char U+00F8 (decimal 248)
   defining Unicode char U+00F9 (decimal 249)
   defining Unicode char U+00FA (decimal 250)
   defining Unicode char U+00FB (decimal 251)
   defining Unicode char U+00FC (decimal 252)
   defining Unicode char U+00FD (decimal 253)
   defining Unicode char U+00FE (decimal 254)
   defining Unicode char U+00FF (decimal 255)
   defining Unicode char U+0102 (decimal 258)
   defining Unicode char U+0103 (decimal 259)
   defining Unicode char U+0104 (decimal 260)
   defining Unicode char U+0105 (decimal 261)
   defining Unicode char U+0106 (decimal 262)
   defining Unicode char U+0107 (decimal 263)
   defining Unicode char U+010C (decimal 268)
   defining Unicode char U+010D (decimal 269)
   defining Unicode char U+010E (decimal 270)
   defining Unicode char U+010F (decimal 271)
   defining Unicode char U+0110 (decimal 272)
   defining Unicode char U+0111 (decimal 273)
   defining Unicode char U+0118 (decimal 280)
   defining Unicode char U+0119 (decimal 281)
   defining Unicode char U+011A (decimal 282)
   defining Unicode char U+011B (decimal 283)
   defining Unicode char U+011E (decimal 286)
   defining Unicode char U+011F (decimal 287)
   defining Unicode char U+0130 (decimal 304)
   defining Unicode char U+0131 (decimal 305)
   defining Unicode char U+0132 (decimal 306)
   defining Unicode char U+0133 (decimal 307)
   defining Unicode char U+0139 (decimal 313)
   defining Unicode char U+013A (decimal 314)
   defining Unicode char U+013D (decimal 317)
   defining Unicode char U+013E (decimal 318)
   defining Unicode char U+0141 (decimal 321)
   defining Unicode char U+0142 (decimal 322)
   defining Unicode char U+0143 (decimal 323)
   defining Unicode char U+0144 (decimal 324)
   defining Unicode char U+0147 (decimal 327)
   defining Unicode char U+0148 (decimal 328)
   defining Unicode char U+014A (decimal 330)
   defining Unicode char U+014B (decimal 331)
   defining Unicode char U+0150 (decimal 336)
   defining Unicode char U+0151 (decimal 337)
   defining Unicode char U+0152 (decimal 338)
   defining Unicode char U+0153 (decimal 339)
   defining Unicode char U+0154 (decimal 340)
   defining Unicode char U+0155 (decimal 341)
   defining Unicode char U+0158 (decimal 344)
   defining Unicode char U+0159 (decimal 345)
   defining Unicode char U+015A (decimal 346)
   defining Unicode char U+015B (decimal 347)
   defining Unicode char U+015E (decimal 350)
   defining Unicode char U+015F (decimal 351)
   defining Unicode char U+0160 (decimal 352)
   defining Unicode char U+0161 (decimal 353)
   defining Unicode char U+0162 (decimal 354)
   defining Unicode char U+0163 (decimal 355)
   defining Unicode char U+0164 (decimal 356)
   defining Unicode char U+0165 (decimal 357)
   defining Unicode char U+016E (decimal 366)
   defining Unicode char U+016F (decimal 367)
   defining Unicode char U+0170 (decimal 368)
   defining Unicode char U+0171 (decimal 369)
   defining Unicode char U+0178 (decimal 376)
   defining Unicode char U+0179 (decimal 377)
   defining Unicode char U+017A (decimal 378)
   defining Unicode char U+017B (decimal 379)
   defining Unicode char U+017C (decimal 380)
   defining Unicode char U+017D (decimal 381)
   defining Unicode char U+017E (decimal 382)
   defining Unicode char U+200C (decimal 8204)
   defining Unicode char U+2013 (decimal 8211)
   defining Unicode char U+2014 (decimal 8212)
   defining Unicode char U+2018 (decimal 8216)
   defining Unicode char U+2019 (decimal 8217)
   defining Unicode char U+201A (decimal 8218)
   defining Unicode char U+201C (decimal 8220)
   defining Unicode char U+201D (decimal 8221)
   defining Unicode char U+201E (decimal 8222)
   defining Unicode char U+2030 (decimal 8240)
   defining Unicode char U+2031 (decimal 8241)
   defining Unicode char U+2039 (decimal 8249)
   defining Unicode char U+203A (decimal 8250)
   defining Unicode char U+2423 (decimal 9251)
)
Now handling font encoding OT1 ...
... processing UTF-8 mapping file for font encoding OT1

(/usr/share/texlive/texmf-dist/tex/latex/base/ot1enc.dfu
File: ot1enc.dfu 2008/04/05 v1.1m UTF-8 support for inputenc
   defining Unicode char U+00A1 (decimal 161)
   defining Unicode char U+00A3 (decimal 163)
   defining Unicode char U+00B8 (decimal 184)
   defining Unicode char U+00BF (decimal 191)
   defining Unicode char U+00C5 (decimal 197)
   defining Unicode char U+00C6 (decimal 198)
   defining Unicode char U+00D8 (decimal 216)
   defining Unicode char U+00DF (decimal 223)
   defining Unicode char U+00E6 (decimal 230)
   defining Unicode char U+00EC (decimal 236)
   defining Unicode char U+00ED (decimal 237)
   defining Unicode char U+00EE (decimal 238)
   defining Unicode char U+00EF (decimal 239)
   defining Unicode char U+00F8 (decimal 248)
   defining Unicode char U+0131 (decimal 305)
   defining Unicode char U+0141 (decimal 321)
   defining Unicode char U+0142 (decimal 322)
   defining Unicode char U+0152 (decimal 338)
   defining Unicode char U+0153 (decimal 339)
   defining Unicode char U+2013 (decimal 8211)
   defining Unicode char U+2014 (decimal 8212)
   defining Unicode char U+2018 (decimal 8216)
   defining Unicode char U+2019 (decimal 8217)
   defining Unicode char U+201C (decimal 8220)
   defining Unicode char U+201D (decimal 8221)
)
Now handling font encoding OMS ...
... processing UTF-8 mapping file for font encoding OMS

(/usr/share/texlive/texmf-dist/tex/latex/base/omsenc.dfu
File: omsenc.dfu 2008/04/05 v1.1m UTF-8 support for inputenc
   defining Unicode char U+00A7 (decimal 167)
   defining Unicode char U+00B6 (decimal 182)
   defining Unicode char U+00B7 (decimal 183)
   defining Unicode char U+2020 (decimal 8224)
   defining Unicode char U+2021 (decimal 8225)
   defining Unicode char U+2022 (decimal 8226)
)
Now handling font encoding OMX ...
... no UTF-8 mapping file for font encoding OMX
Now handling font encoding U ...
... no UTF-8 mapping file for font encoding U
   defining Unicode char U+00A9 (decimal 169)
   defining Unicode char U+00AA (decimal 170)
   defining Unicode char U+00AE (decimal 174)
   defining Unicode char U+00BA (decimal 186)
   defining Unicode char U+02C6 (decimal 710)
   defining Unicode char U+02DC (decimal 732)
   defining Unicode char U+200C (decimal 8204)
   defining Unicode char U+2026 (decimal 8230)
   defining Unicode char U+2122 (decimal 8482)
   defining Unicode char U+2423 (decimal 9251)
))
(/usr/share/texlive/texmf-dist/tex/latex/geometry/geometry.sty
Package: geometry 2010/09/12 v5.6 Page Geometry

(/usr/share/texlive/texmf-dist/tex/latex/graphics/keyval.sty
Package: keyval 1999/03/16 v1.13 key=value parser (DPC)
\KV@toks@=\toks16
)
(/usr/share/texlive/texmf-dist/tex/generic/oberdiek/ifpdf.sty
Package: ifpdf 2011/01/30 v2.3 Provides the ifpdf switch (HO)
Package ifpdf Info: pdfTeX in PDF mode is detected.
)
(/usr/share/texlive/texmf-dist/tex/generic/oberdiek/ifvtex.sty
Package: ifvtex 2010/03/01 v1.5 Detect VTeX and its facilities (HO)
Package ifvtex Info: VTeX not detected.
)
(/usr/share/texlive/texmf-dist/tex/generic/ifxetex/ifxetex.sty
Package: ifxetex 2010/09/12 v0.6 Provides ifxetex conditional
)
\Gm@cnth=\count88
\Gm@cntv=\count89
\c@Gm@tempcnt=\count90
\Gm@bindingoffset=\dimen104
\Gm@wd@mp=\dimen105
\Gm@odd@mp=\dimen106
\Gm@even@mp=\dimen107
\Gm@layoutwidth=\dimen108
\Gm@layoutheight=\dimen109
\Gm@layouthoffset=\dimen110
\Gm@layoutvoffset=\dimen111
\Gm@dimlist=\toks17
)
(/usr/share/texlive/texmf-dist/tex/latex/booktabs/booktabs.sty
Package: booktabs 2005/04/14 v1.61803 publication quality tables
\heavyrulewidth=\dimen112
\lightrulewidth=\dimen113
\cmidrulewidth=\dimen114
\belowrulesep=\dimen115
\belowbottomsep=\dimen116
\aboverulesep=\dimen117
\abovetopsep=\dimen118
\cmidrulesep=\dimen119
\cmidrulekern=\dimen120
\defaultaddspace=\dimen121
\@cmidla=\count91
\@cmidlb=\count92
\@aboverulesep=\dimen122
\@belowrulesep=\dimen123
\@thisruleclass=\count93
\@lastruleclass=\count94
\@thisrulewidth=\dimen124
)
(/usr/share/texlive/texmf-dist/tex/latex/rotating/rotating.sty
Package: rotating 2009/03/28 v2.16a rotated objects in LaTeX

(/usr/share/texlive/texmf-dist/tex/latex/graphics/graphicx.sty
Package: graphicx 1999/02/16 v1.0f Enhanced LaTeX Graphics (DPC,SPQR)

(/usr/share/texlive/texmf-dist/tex/latex/graphics/graphics.sty
Package: graphics 2009/02/05 v1.0o Standard LaTeX Graphics (DPC,SPQR)

(/usr/share/texlive/texmf-dist/tex/latex/graphics/trig.sty
Package: trig 1999/03/16 v1.09 sin cos tan (DPC)
)
(/usr/share/texlive/texmf-dist/tex/latex/latexconfig/graphics.cfg
File: graphics.cfg 2010/04/23 v1.9 graphics configuration of TeX Live
)
Package graphics Info: Driver file: pdftex.def on input line 91.

(/usr/share/texlive/texmf-dist/tex/latex/pdftex-def/pdftex.def
File: pdftex.def 2011/05/27 v0.06d Graphics/color for pdfTeX

(/usr/share/texlive/texmf-dist/tex/generic/oberdiek/infwarerr.sty
Package: infwarerr 2010/04/08 v1.3 Providing info/warning/error messages (HO)
)
(/usr/share/texlive/texmf-dist/tex/generic/oberdiek/ltxcmds.sty
Package: ltxcmds 2011/11/09 v1.22 LaTeX kernel commands for general use (HO)
)
\Gread@gobject=\count95
))
\Gin@req@height=\dimen125
\Gin@req@width=\dimen126
)
(/usr/share/texlive/texmf-dist/tex/latex/base/ifthen.sty
Package: ifthen 2001/05/26 v1.1c Standard LaTeX ifthen package (DPC)
)
\c@r@tfl@t=\count96
\rotFPtop=\skip43
\rotFPbot=\skip44
\rot@float@box=\box26
\rot@mess@toks=\toks18
)
(/usr/share/texlive/texmf-dist/tex/latex/background/background.sty
Package: background 2012/08/06 v2.0 background material

(/usr/share/texlive/texmf-dist/tex/latex/xkeyval/xkeyval.sty
Package: xkeyval 2012/10/14 v2.6b package option processing (HA)

(/usr/share/texlive/texmf-dist/tex/generic/xkeyval/xkeyval.tex
\XKV@toks=\toks19
\XKV@tempa@toks=\toks20
\XKV@depth=\count97
File: xkeyval.tex 2012/10/14 v2.6b key=value parser (HA)
))
(/usr/share/texmf/tex/latex/pgf/frontendlayer/tikz.sty
(/usr/share/texmf/tex/latex/pgf/basiclayer/pgf.sty
(/usr/share/texmf/tex/latex/pgf/utilities/pgfrcs.sty
(/usr/share/texmf/tex/generic/pgf/utilities/pgfutil-common.tex
\pgfutil@everybye=\toks21
)
(/usr/share/texmf/tex/generic/pgf/utilities/pgfutil-latex.def
\pgfutil@abb=\box27

(/usr/share/texlive/texmf-dist/tex/latex/ms/everyshi.sty
Package: everyshi 2001/05/15 v3.00 EveryShipout Package (MS)
))
(/usr/share/texmf/tex/generic/pgf/utilities/pgfrcs.code.tex
Package: pgfrcs 2010/10/25 v2.10 (rcs-revision 1.24)
))
Package: pgf 2008/01/15 v2.10 (rcs-revision 1.12)

(/usr/share/texmf/tex/latex/pgf/basiclayer/pgfcore.sty
(/usr/share/texmf/tex/latex/pgf/systemlayer/pgfsys.sty
(/usr/share/texmf/tex/generic/pgf/systemlayer/pgfsys.code.tex
Package: pgfsys 2010/06/30 v2.10 (rcs-revision 1.37)

(/usr/share/texmf/tex/generic/pgf/utilities/pgfkeys.code.tex
\pgfkeys@pathtoks=\toks22
\pgfkeys@temptoks=\toks23

(/usr/share/texmf/tex/generic/pgf/utilities/pgfkeysfiltered.code.tex
\pgfkeys@tmptoks=\toks24
))
\pgf@x=\dimen127
\pgf@y=\dimen128
\pgf@xa=\dimen129
\pgf@ya=\dimen130
\pgf@xb=\dimen131
\pgf@yb=\dimen132
\pgf@xc=\dimen133
\pgf@yc=\dimen134
\w@pgf@writea=\write3
\r@pgf@reada=\read1
\c@pgf@counta=\count98
\c@pgf@countb=\count99
\c@pgf@countc=\count100
\c@pgf@countd=\count101

(/usr/share/texmf/tex/generic/pgf/systemlayer/pgf.cfg
File: pgf.cfg 2008/05/14  (rcs-revision 1.7)
)
Package pgfsys Info: Driver file for pgf: pgfsys-pdftex.def on input line 900.

(/usr/share/texmf/tex/generic/pgf/systemlayer/pgfsys-pdftex.def
File: pgfsys-pdftex.def 2009/05/22  (rcs-revision 1.26)

(/usr/share/texmf/tex/generic/pgf/systemlayer/pgfsys-common-pdf.def
File: pgfsys-common-pdf.def 2008/05/19  (rcs-revision 1.10)
)))
(/usr/share/texmf/tex/generic/pgf/systemlayer/pgfsyssoftpath.code.tex
File: pgfsyssoftpath.code.tex 2008/07/18  (rcs-revision 1.7)
\pgfsyssoftpath@smallbuffer@items=\count102
\pgfsyssoftpath@bigbuffer@items=\count103
)
(/usr/share/texmf/tex/generic/pgf/systemlayer/pgfsysprotocol.code.tex
File: pgfsysprotocol.code.tex 2006/10/16  (rcs-revision 1.4)
))
(/usr/share/texmf/tex/latex/xcolor/xcolor.sty
Package: xcolor 2007/01/21 v2.11 LaTeX color extensions (UK)

(/usr/share/texlive/texmf-dist/tex/latex/latexconfig/color.cfg
File: color.cfg 2007/01/18 v1.5 color configuration of teTeX/TeXLive
)
Package xcolor Info: Driver file: pdftex.def on input line 225.
Package xcolor Info: Model `cmy' substituted by `cmy0' on input line 1337.
Package xcolor Info: Model `hsb' substituted by `rgb' on input line 1341.
Package xcolor Info: Model `RGB' extended on input line 1353.
Package xcolor Info: Model `HTML' substituted by `rgb' on input line 1355.
Package xcolor Info: Model `Hsb' substituted by `hsb' on input line 1356.
Package xcolor Info: Model `tHsb' substituted by `hsb' on input line 1357.
Package xcolor Info: Model `HSB' substituted by `hsb' on input line 1358.
Package xcolor Info: Model `Gray' substituted by `gray' on input line 1359.
Package xcolor Info: Model `wave' substituted by `hsb' on input line 1360.
)
(/usr/share/texmf/tex/generic/pgf/basiclayer/pgfcore.code.tex
Package: pgfcore 2010/04/11 v2.10 (rcs-revision 1.7)

(/usr/share/texmf/tex/generic/pgf/math/pgfmath.code.tex
(/usr/share/texmf/tex/generic/pgf/math/pgfmathcalc.code.tex
(/usr/share/texmf/tex/generic/pgf/math/pgfmathutil.code.tex)
(/usr/share/texmf/tex/generic/pgf/math/pgfmathparser.code.tex
\pgfmath@dimen=\dimen135
\pgfmath@count=\count104
\pgfmath@box=\box28
\pgfmath@toks=\toks25
\pgfmath@stack@operand=\toks26
\pgfmath@stack@operation=\toks27
)
(/usr/share/texmf/tex/generic/pgf/math/pgfmathfunctions.code.tex
(/usr/share/texmf/tex/generic/pgf/math/pgfmathfunctions.basic.code.tex)
(/usr/share/texmf/tex/generic/pgf/math/pgfmathfunctions.trigonometric.code.tex)
(/usr/share/texmf/tex/generic/pgf/math/pgfmathfunctions.random.code.tex)
(/usr/share/texmf/tex/generic/pgf/math/pgfmathfunctions.comparison.code.tex)
(/usr/share/texmf/tex/generic/pgf/math/pgfmathfunctions.base.code.tex)
(/usr/share/texmf/tex/generic/pgf/math/pgfmathfunctions.round.code.tex)
(/usr/share/texmf/tex/generic/pgf/math/pgfmathfunctions.misc.code.tex)))
(/usr/share/texmf/tex/generic/pgf/math/pgfmathfloat.code.tex
\c@pgfmathroundto@lastzeros=\count105
))
(/usr/share/texmf/tex/generic/pgf/basiclayer/pgfcorepoints.code.tex
File: pgfcorepoints.code.tex 2010/04/09  (rcs-revision 1.20)
\pgf@picminx=\dimen136
\pgf@picmaxx=\dimen137
\pgf@picminy=\dimen138
\pgf@picmaxy=\dimen139
\pgf@pathminx=\dimen140
\pgf@pathmaxx=\dimen141
\pgf@pathminy=\dimen142
\pgf@pathmaxy=\dimen143
\pgf@xx=\dimen144
\pgf@xy=\dimen145
\pgf@yx=\dimen146
\pgf@yy=\dimen147
\pgf@zx=\dimen148
\pgf@zy=\dimen149
)
(/usr/share/texmf/tex/generic/pgf/basiclayer/pgfcorepathconstruct.code.tex
File: pgfcorepathconstruct.code.tex 2010/08/03  (rcs-revision 1.24)
\pgf@path@lastx=\dimen150
\pgf@path@lasty=\dimen151
)
(/usr/share/texmf/tex/generic/pgf/basiclayer/pgfcorepathusage.code.tex
File: pgfcorepathusage.code.tex 2008/04/22  (rcs-revision 1.12)
\pgf@shorten@end@additional=\dimen152
\pgf@shorten@start@additional=\dimen153
)
(/usr/share/texmf/tex/generic/pgf/basiclayer/pgfcorescopes.code.tex
File: pgfcorescopes.code.tex 2010/09/08  (rcs-revision 1.34)
\pgfpic=\box29
\pgf@hbox=\box30
\pgf@layerbox@main=\box31
\pgf@picture@serial@count=\count106
)
(/usr/share/texmf/tex/generic/pgf/basiclayer/pgfcoregraphicstate.code.tex
File: pgfcoregraphicstate.code.tex 2008/04/22  (rcs-revision 1.9)
\pgflinewidth=\dimen154
)
(/usr/share/texmf/tex/generic/pgf/basiclayer/pgfcoretransformations.code.tex
File: pgfcoretransformations.code.tex 2009/06/10  (rcs-revision 1.11)
\pgf@pt@x=\dimen155
\pgf@pt@y=\dimen156
\pgf@pt@temp=\dimen157
)
(/usr/share/texmf/tex/generic/pgf/basiclayer/pgfcorequick.code.tex
File: pgfcorequick.code.tex 2008/10/09  (rcs-revision 1.3)
)
(/usr/share/texmf/tex/generic/pgf/basiclayer/pgfcoreobjects.code.tex
File: pgfcoreobjects.code.tex 2006/10/11  (rcs-revision 1.2)
)
(/usr/share/texmf/tex/generic/pgf/basiclayer/pgfcorepathprocessing.code.tex
File: pgfcorepathprocessing.code.tex 2008/10/09  (rcs-revision 1.8)
)
(/usr/share/texmf/tex/generic/pgf/basiclayer/pgfcorearrows.code.tex
File: pgfcorearrows.code.tex 2008/04/23  (rcs-revision 1.11)
)
(/usr/share/texmf/tex/generic/pgf/basiclayer/pgfcoreshade.code.tex
File: pgfcoreshade.code.tex 2008/11/23  (rcs-revision 1.13)
\pgf@max=\dimen158
\pgf@sys@shading@range@num=\count107
)
(/usr/share/texmf/tex/generic/pgf/basiclayer/pgfcoreimage.code.tex
File: pgfcoreimage.code.tex 2010/03/25  (rcs-revision 1.16)

(/usr/share/texmf/tex/generic/pgf/basiclayer/pgfcoreexternal.code.tex
File: pgfcoreexternal.code.tex 2010/09/01  (rcs-revision 1.17)
\pgfexternal@startupbox=\box32
))
(/usr/share/texmf/tex/generic/pgf/basiclayer/pgfcorelayers.code.tex
File: pgfcorelayers.code.tex 2010/08/27  (rcs-revision 1.2)
)
(/usr/share/texmf/tex/generic/pgf/basiclayer/pgfcoretransparency.code.tex
File: pgfcoretransparency.code.tex 2008/01/17  (rcs-revision 1.2)
)
(/usr/share/texmf/tex/generic/pgf/basiclayer/pgfcorepatterns.code.tex
File: pgfcorepatterns.code.tex 2009/07/02  (rcs-revision 1.3)
)))
(/usr/share/texmf/tex/generic/pgf/modules/pgfmoduleshapes.code.tex
File: pgfmoduleshapes.code.tex 2010/09/09  (rcs-revision 1.13)
\pgfnodeparttextbox=\box33
)
(/usr/share/texmf/tex/generic/pgf/modules/pgfmoduleplot.code.tex
File: pgfmoduleplot.code.tex 2010/10/22  (rcs-revision 1.8)
)
(/usr/share/texmf/tex/latex/pgf/compatibility/pgfcomp-version-0-65.sty
Package: pgfcomp-version-0-65 2007/07/03 v2.10 (rcs-revision 1.7)
\pgf@nodesepstart=\dimen159
\pgf@nodesepend=\dimen160
)
(/usr/share/texmf/tex/latex/pgf/compatibility/pgfcomp-version-1-18.sty
Package: pgfcomp-version-1-18 2007/07/23 v2.10 (rcs-revision 1.1)
))
(/usr/share/texmf/tex/latex/pgf/utilities/pgffor.sty
(/usr/share/texmf/tex/latex/pgf/utilities/pgfkeys.sty
(/usr/share/texmf/tex/generic/pgf/utilities/pgfkeys.code.tex))
(/usr/share/texmf/tex/generic/pgf/utilities/pgffor.code.tex
Package: pgffor 2010/03/23 v2.10 (rcs-revision 1.18)
\pgffor@iter=\dimen161
\pgffor@skip=\dimen162
\pgffor@stack=\toks28
\pgffor@toks=\toks29
))
(/usr/share/texmf/tex/generic/pgf/frontendlayer/tikz/tikz.code.tex
Package: tikz 2010/10/13 v2.10 (rcs-revision 1.76)

(/usr/share/texmf/tex/generic/pgf/libraries/pgflibraryplothandlers.code.tex
File: pgflibraryplothandlers.code.tex 2010/05/31 v2.10 (rcs-revision 1.15)
\pgf@plot@mark@count=\count108
\pgfplotmarksize=\dimen163
)
\tikz@lastx=\dimen164
\tikz@lasty=\dimen165
\tikz@lastxsaved=\dimen166
\tikz@lastysaved=\dimen167
\tikzleveldistance=\dimen168
\tikzsiblingdistance=\dimen169
\tikz@figbox=\box34
\tikz@tempbox=\box35
\tikztreelevel=\count109
\tikznumberofchildren=\count110
\tikznumberofcurrentchild=\count111
\tikz@fig@count=\count112

(/usr/share/texmf/tex/generic/pgf/modules/pgfmodulematrix.code.tex
File: pgfmodulematrix.code.tex 2010/08/24  (rcs-revision 1.4)
\pgfmatrixcurrentrow=\count113
\pgfmatrixcurrentcolumn=\count114
\pgf@matrix@numberofcolumns=\count115
)
\tikz@expandcount=\count116

(/usr/share/texmf/tex/generic/pgf/frontendlayer/tikz/libraries/tikzlibrarytopat
hs.code.tex
File: tikzlibrarytopaths.code.tex 2008/06/17 v2.10 (rcs-revision 1.2)
))) (/usr/share/texlive/texmf-dist/tex/latex/everypage/everypage.sty
Package: everypage 2007/06/20 1.1 Hooks to run on every page
) (/usr/share/texlive/texmf-dist/tex/latex/tools/afterpage.sty
Package: afterpage 1995/10/27 v1.08 After-Page Package (DPC)
\AP@output=\toks30
\AP@partial=\box36
\AP@footins=\box37
)

Package background Warning: erroneous input ignored on input line 140.

) (/usr/share/texlive/texmf-dist/tex/latex/hyperref/hyperref.sty
Package: hyperref 2012/11/06 v6.83m Hypertext links for LaTeX

(/usr/share/texlive/texmf-dist/tex/generic/oberdiek/hobsub-hyperref.sty
Package: hobsub-hyperref 2012/05/28 v1.13 Bundle oberdiek, subset hyperref (HO)


(/usr/share/texlive/texmf-dist/tex/generic/oberdiek/hobsub-generic.sty
Package: hobsub-generic 2012/05/28 v1.13 Bundle oberdiek, subset generic (HO)
Package: hobsub 2012/05/28 v1.13 Construct package bundles (HO)
Package hobsub Info: Skipping package `infwarerr' (already loaded).
Package hobsub Info: Skipping package `ltxcmds' (already loaded).
Package: ifluatex 2010/03/01 v1.3 Provides the ifluatex switch (HO)
Package ifluatex Info: LuaTeX not detected.
Package hobsub Info: Skipping package `ifvtex' (already loaded).
Package: intcalc 2007/09/27 v1.1 Expandable calculations with integers (HO)
Package hobsub Info: Skipping package `ifpdf' (already loaded).
Package: etexcmds 2011/02/16 v1.5 Avoid name clashes with e-TeX commands (HO)
Package etexcmds Info: Could not find \expanded.
(etexcmds)             That can mean that you are not using pdfTeX 1.50 or
(etexcmds)             that some package has redefined \expanded.
(etexcmds)             In the latter case, load this package earlier.
Package: kvsetkeys 2012/04/25 v1.16 Key value parser (HO)
Package: kvdefinekeys 2011/04/07 v1.3 Define keys (HO)
Package: pdftexcmds 2011/11/29 v0.20 Utility functions of pdfTeX for LuaTeX (HO
)
Package pdftexcmds Info: LuaTeX not detected.
Package pdftexcmds Info: \pdf@primitive is available.
Package pdftexcmds Info: \pdf@ifprimitive is available.
Package pdftexcmds Info: \pdfdraftmode found.
Package: pdfescape 2011/11/25 v1.13 Implements pdfTeX's escape features (HO)
Package: bigintcalc 2012/04/08 v1.3 Expandable calculations on big integers (HO
)
Package: bitset 2011/01/30 v1.1 Handle bit-vector datatype (HO)
Package: uniquecounter 2011/01/30 v1.2 Provide unlimited unique counter (HO)
)
Package hobsub Info: Skipping package `hobsub' (already loaded).
Package: letltxmacro 2010/09/02 v1.4 Let assignment for LaTeX macros (HO)
Package: hopatch 2012/05/28 v1.2 Wrapper for package hooks (HO)
Package: xcolor-patch 2011/01/30 xcolor patch
Package: atveryend 2011/06/30 v1.8 Hooks at the very end of document (HO)
Package atveryend Info: \AP@enddocument detected (standard20110627).
Package: atbegshi 2011/10/05 v1.16 At begin shipout hook (HO)
Package: refcount 2011/10/16 v3.4 Data extraction from label references (HO)
Package: hycolor 2011/01/30 v1.7 Color options for hyperref/bookmark (HO)
)
(/usr/share/texlive/texmf-dist/tex/latex/oberdiek/auxhook.sty
Package: auxhook 2011/03/04 v1.3 Hooks for auxiliary files (HO)
)
(/usr/share/texlive/texmf-dist/tex/latex/oberdiek/kvoptions.sty
Package: kvoptions 2011/06/30 v3.11 Key value format for package options (HO)
)
\@linkdim=\dimen170
\Hy@linkcounter=\count117
\Hy@pagecounter=\count118

(/usr/share/texlive/texmf-dist/tex/latex/hyperref/pd1enc.def
File: pd1enc.def 2012/11/06 v6.83m Hyperref: PDFDocEncoding definition (HO)
Now handling font encoding PD1 ...
... no UTF-8 mapping file for font encoding PD1
)
\Hy@SavedSpaceFactor=\count119

(/usr/share/texlive/texmf-dist/tex/latex/latexconfig/hyperref.cfg
File: hyperref.cfg 2002/06/06 v1.2 hyperref configuration of TeXLive
)
Package hyperref Info: Hyper figures OFF on input line 4443.
Package hyperref Info: Link nesting OFF on input line 4448.
Package hyperref Info: Hyper index ON on input line 4451.
Package hyperref Info: Plain pages OFF on input line 4458.
Package hyperref Info: Backreferencing OFF on input line 4463.
Package hyperref Info: Implicit mode ON; LaTeX internals redefined.
Package hyperref Info: Bookmarks ON on input line 4688.
\c@Hy@tempcnt=\count120

(/usr/share/texlive/texmf-dist/tex/latex/url/url.sty
\Urlmuskip=\muskip10
Package: url 2013/09/16  ver 3.4  Verb mode for urls, etc.
)
LaTeX Info: Redefining \url on input line 5041.
\XeTeXLinkMargin=\dimen171
\Fld@menulength=\count121
\Field@Width=\dimen172
\Fld@charsize=\dimen173
Package hyperref Info: Hyper figures OFF on input line 6295.
Package hyperref Info: Link nesting OFF on input line 6300.
Package hyperref Info: Hyper index ON on input line 6303.
Package hyperref Info: backreferencing OFF on input line 6310.
Package hyperref Info: Link coloring OFF on input line 6315.
Package hyperref Info: Link coloring with OCG OFF on input line 6320.
Package hyperref Info: PDF/A mode OFF on input line 6325.
LaTeX Info: Redefining \ref on input line 6365.
LaTeX Info: Redefining \pageref on input line 6369.
\Hy@abspage=\count122
\c@Item=\count123
\c@Hfootnote=\count124
)

Package hyperref Message: Driver (autodetected): hpdftex.

(/usr/share/texlive/texmf-dist/tex/latex/hyperref/hpdftex.def
File: hpdftex.def 2012/11/06 v6.83m Hyperref driver for pdfTeX
\Fld@listcount=\count125
\c@bookmark@seq@number=\count126

(/usr/share/texlive/texmf-dist/tex/latex/oberdiek/rerunfilecheck.sty
Package: rerunfilecheck 2011/04/15 v1.7 Rerun checks for auxiliary files (HO)
Package uniquecounter Info: New unique counter `rerunfilecheck' on input line 2
82.
)
\Hy@SectionHShift=\skip45
)
Package hyperref Info: Option `colorlinks' set `true' on input line 23.

(/usr/share/texlive/texmf-dist/tex/latex/amsfonts/amssymb.sty
Package: amssymb 2013/01/14 v3.01 AMS font symbols

(/usr/share/texlive/texmf-dist/tex/latex/amsfonts/amsfonts.sty
Package: amsfonts 2013/01/14 v3.01 Basic AMSFonts support
\@emptytoks=\toks31
\symAMSa=\mathgroup4
\symAMSb=\mathgroup5
LaTeX Font Info:    Overwriting math alphabet `\mathfrak' in version `bold'
(Font)                  U/euf/m/n --> U/euf/b/n on input line 106.
))
(/usr/share/texlive/texmf-dist/tex/latex/amsmath/amsmath.sty
Package: amsmath 2013/01/14 v2.14 AMS math features
\@mathmargin=\skip46

For additional information on amsmath, use the `?' option.
(/usr/share/texlive/texmf-dist/tex/latex/amsmath/amstext.sty
Package: amstext 2000/06/29 v2.01

(/usr/share/texlive/texmf-dist/tex/latex/amsmath/amsgen.sty
File: amsgen.sty 1999/11/30 v2.0
\@emptytoks=\toks32
\ex@=\dimen174
))
(/usr/share/texlive/texmf-dist/tex/latex/amsmath/amsbsy.sty
Package: amsbsy 1999/11/29 v1.2d
\pmbraise@=\dimen175
)
(/usr/share/texlive/texmf-dist/tex/latex/amsmath/amsopn.sty
Package: amsopn 1999/12/14 v2.01 operator names
)
\inf@bad=\count127
LaTeX Info: Redefining \frac on input line 210.
\uproot@=\count128
\leftroot@=\count129
LaTeX Info: Redefining \overline on input line 306.
\classnum@=\count130
\DOTSCASE@=\count131
LaTeX Info: Redefining \ldots on input line 378.
LaTeX Info: Redefining \dots on input line 381.
LaTeX Info: Redefining \cdots on input line 466.
\Mathstrutbox@=\box38
\strutbox@=\box39
\big@size=\dimen176
LaTeX Font Info:    Redeclaring font encoding OML on input line 566.
LaTeX Font Info:    Redeclaring font encoding OMS on input line 567.
\macc@depth=\count132
\c@MaxMatrixCols=\count133
\dotsspace@=\muskip11
\c@parentequation=\count134
\dspbrk@lvl=\count135
\tag@help=\toks33
\row@=\count136
\column@=\count137
\maxfields@=\count138
\andhelp@=\toks34
\eqnshift@=\dimen177
\alignsep@=\dimen178
\tagshift@=\dimen179
\tagwidth@=\dimen180
\totwidth@=\dimen181
\lineht@=\dimen182
\@envbody=\toks35
\multlinegap=\skip47
\multlinetaggap=\skip48
\mathdisplay@stack=\toks36
LaTeX Info: Redefining \[ on input line 2665.
LaTeX Info: Redefining \] on input line 2666.
)
(/usr/share/texlive/texmf-dist/tex/latex/amscls/amsthm.sty
Package: amsthm 2004/08/06 v2.20
\thm@style=\toks37
\thm@bodyfont=\toks38
\thm@headfont=\toks39
\thm@notefont=\toks40
\thm@headpunct=\toks41
\thm@preskip=\skip49
\thm@postskip=\skip50
\thm@headsep=\skip51
\dth@everypar=\toks42
)
(/usr/share/texlive/texmf-dist/tex/latex/fancyhdr/fancyhdr.sty
\fancy@headwidth=\skip52
\f@ncyO@elh=\skip53
\f@ncyO@erh=\skip54
\f@ncyO@olh=\skip55
\f@ncyO@orh=\skip56
\f@ncyO@elf=\skip57
\f@ncyO@erf=\skip58
\f@ncyO@olf=\skip59
\f@ncyO@orf=\skip60
) (./IC_Novo.aux

LaTeX Warning: Label `fig:adc_dac_ideal' multiply defined.


LaTeX Warning: Label `fig:estrutura_do_doutorado' multiply defined.


LaTeX Warning: Label `fig:estrutura_equalizador_passivo_ apacitor' multiply def
ined.


LaTeX Warning: Label `fig:estrutura_equalizador_passivo_ apacitor' multiply def
ined.


LaTeX Warning: Label `fig:estrutura_equalizador_passivo_ apacitor' multiply def
ined.


LaTeX Warning: Label `fig:adc_dac_ideal' multiply defined.


LaTeX Warning: Label `fig:estrutura_equalizador_passivo_ apacitor' multiply def
ined.


LaTeX Warning: Label `fig:estrutura_equalizador_passivo_ apacitor' multiply def
ined.


LaTeX Warning: Label `fig:estrutura_equalizador_passivo_ apacitor' multiply def
ined.


LaTeX Warning: Label `fig:estrutura_equalizador_passivo_ apacitor' multiply def
ined.


LaTeX Warning: Label `fig:estrutura_equalizador_passivo_ apacitor' multiply def
ined.


LaTeX Warning: Label `fig:estrutura_equalizador_passivo_ apacitor' multiply def
ined.


LaTeX Warning: Label `fig:estrutura_equalizador_passivo_ apacitor' multiply def
ined.


LaTeX Warning: Label `fig:estrutura_equalizador_passivo_ apacitor' multiply def
ined.


LaTeX Warning: Label `fig:estrutura_equalizador_passivo_ apacitor' multiply def
ined.


LaTeX Warning: Label `fig:estrutura_equalizador_passivo_ apacitor' multiply def
ined.


LaTeX Warning: Label `fig:estrutura_equalizador_passivo_ apacitor' multiply def
ined.


LaTeX Warning: Label `fig:estrutura_equalizador_passivo_ apacitor' multiply def
ined.


LaTeX Warning: Label `fig:estrutura_equalizador_passivo_ apacitor' multiply def
ined.


LaTeX Warning: Label `fig:estrutura_equalizador_passivo_ apacitor' multiply def
ined.


LaTeX Warning: Label `fig:estrutura_equalizador_passivo_ apacitor' multiply def
ined.


LaTeX Warning: Label `fig:estrutura_equalizador_passivo_ apacitor' multiply def
ined.


LaTeX Warning: Label `fig:adc_dac_ideal' multiply defined.


LaTeX Warning: Label `fig:topologia_dos_equlizadores_utilizados_no_presente_tra
balho' multiply defined.


LaTeX Warning: Label `fig:topologia_dos_equlizadores_utilizados_no_presente_tra
balho' multiply defined.


LaTeX Warning: Label `fig:topologia_dos_equlizadores_utilizados_no_presente_tra
balho' multiply defined.


LaTeX Warning: Label `fig:topologia_dos_equlizadores_utilizados_no_presente_tra
balho' multiply defined.

)
\openout1 = `IC_Novo.aux'.

LaTeX Font Info:    Checking defaults for OML/cmm/m/it on input line 39.
LaTeX Font Info:    ... okay on input line 39.
LaTeX Font Info:    Checking defaults for T1/cmr/m/n on input line 39.
LaTeX Font Info:    ... okay on input line 39.
LaTeX Font Info:    Checking defaults for OT1/cmr/m/n on input line 39.
LaTeX Font Info:    ... okay on input line 39.
LaTeX Font Info:    Checking defaults for OMS/cmsy/m/n on input line 39.
LaTeX Font Info:    ... okay on input line 39.
LaTeX Font Info:    Checking defaults for OMX/cmex/m/n on input line 39.
LaTeX Font Info:    ... okay on input line 39.
LaTeX Font Info:    Checking defaults for U/cmr/m/n on input line 39.
LaTeX Font Info:    ... okay on input line 39.
LaTeX Font Info:    Checking defaults for PD1/pdf/m/n on input line 39.
LaTeX Font Info:    ... okay on input line 39.

*geometry* driver: auto-detecting
*geometry* detected driver: pdftex
*geometry* verbose mode - [ preamble ] result:
* driver: pdftex
* paper: a4paper
* layout: <same size as paper>
* layoutoffset:(h,v)=(0.0pt,0.0pt)
* modes: 
* h-part:(L,W,R)=(85.35826pt, 426.79135pt, 85.35826pt)
* v-part:(T,H,B)=(85.35826pt, 674.33032pt, 85.35826pt)
* \paperwidth=597.50787pt
* \paperheight=845.04684pt
* \textwidth=426.79135pt
* \textheight=674.33032pt
* \oddsidemargin=13.08827pt
* \evensidemargin=13.08827pt
* \topmargin=-23.91173pt
* \headheight=12.0pt
* \headsep=25.0pt
* \topskip=11.0pt
* \footskip=30.0pt
* \marginparwidth=50.0pt
* \marginparsep=10.0pt
* \columnsep=10.0pt
* \skip\footins=10.0pt plus 4.0pt minus 2.0pt
* \hoffset=0.0pt
* \voffset=0.0pt
* \mag=1000
* \@twocolumnfalse
* \@twosidefalse
* \@mparswitchfalse
* \@reversemarginfalse
* (1in=72.27pt=25.4mm, 1cm=28.453pt)

(/usr/share/texlive/texmf-dist/tex/context/base/supp-pdf.mkii
[Loading MPS to PDF converter (version 2006.09.02).]
\scratchcounter=\count139
\scratchdimen=\dimen183
\scratchbox=\box40
\nofMPsegments=\count140
\nofMParguments=\count141
\everyMPshowfont=\toks43
\MPscratchCnt=\count142
\MPscratchDim=\dimen184
\MPnumerator=\count143
\makeMPintoPDFobject=\count144
\everyMPtoPDFconversion=\toks44
) (/usr/share/texlive/texmf-dist/tex/latex/oberdiek/epstopdf-base.sty
Package: epstopdf-base 2010/02/09 v2.5 Base part for package epstopdf

(/usr/share/texlive/texmf-dist/tex/latex/oberdiek/grfext.sty
Package: grfext 2010/08/19 v1.1 Manage graphics extensions (HO)
)
Package grfext Info: Graphics extension search list:
(grfext)             [.png,.pdf,.jpg,.mps,.jpeg,.jbig2,.jb2,.PNG,.PDF,.JPG,.JPE
G,.JBIG2,.JB2,.eps]
(grfext)             \AppendGraphicsExtensions on input line 452.

(/usr/share/texlive/texmf-dist/tex/latex/latexconfig/epstopdf-sys.cfg
File: epstopdf-sys.cfg 2010/07/13 v1.3 Configuration of (r)epstopdf for TeX Liv
e
))
ABD: EveryShipout initializing macros
\AtBeginShipoutBox=\box41
Package hyperref Info: Link coloring ON on input line 39.

(/usr/share/texlive/texmf-dist/tex/latex/hyperref/nameref.sty
Package: nameref 2012/10/27 v2.43 Cross-referencing by name of section

(/usr/share/texlive/texmf-dist/tex/generic/oberdiek/gettitlestring.sty
Package: gettitlestring 2010/12/03 v1.4 Cleanup title references (HO)
)
\c@section@level=\count145
)
LaTeX Info: Redefining \ref on input line 39.
LaTeX Info: Redefining \pageref on input line 39.
LaTeX Info: Redefining \nameref on input line 39.

(./IC_Novo.out) (./IC_Novo.out)
\@outlinefile=\write4
\openout4 = `IC_Novo.out'.


<capa_principal.jpg, id=119, 2055.68pt x 1368.11125pt>
File: capa_principal.jpg Graphic file (type jpg)

<use capa_principal.jpg>
Package pdftex.def Info: capa_principal.jpg used on input line 46.
(pdftex.def)             Requested size: 674.33032pt x 448.78516pt.
LaTeX Font Info:    Try loading font information for U+msa on input line 49.

(/usr/share/texlive/texmf-dist/tex/latex/amsfonts/umsa.fd
File: umsa.fd 2013/01/14 v3.01 AMS symbols A
)
LaTeX Font Info:    Try loading font information for U+msb on input line 49.

(/usr/share/texlive/texmf-dist/tex/latex/amsfonts/umsb.fd
File: umsb.fd 2013/01/14 v3.01 AMS symbols B
)
Package babel Info: Redefining portuges shorthand "|
(babel)             in language  on input line 50.
Package babel Info: Redefining portuges shorthand "|
(babel)             in language  on input line 50.
 [1 <./capa_principal.jpg>] <capa.jpg, id=124, 760.7622pt x 481.8pt>
File: capa.jpg Graphic file (type jpg)
 <use capa.jpg>
Package pdftex.def Info: capa.jpg used on input line 58.
(pdftex.def)             Requested size: 426.79135pt x 270.29137pt.
Package babel Info: Redefining portuges shorthand "|
(babel)             in language  on input line 61.
Package babel Info: Redefining portuges shorthand "|
(babel)             in language  on input line 61.
 [2



{/var/lib/texmf/fonts/map/pdftex/updmap/pdftex.map} <./capa.jpg>]

Package Fancyhdr Warning: \headheight is too small (12.0pt): 
 Make it at least 13.59999pt.
 We now make it that large for the rest of the document.
 This may cause the page layout to be inconsistent, however.

Package babel Info: Redefining portuges shorthand "|
(babel)             in language  on input line 95.
Package babel Info: Redefining portuges shorthand "|
(babel)             in language  on input line 95.
[3] (./IC_Novo.toc)
\tf@toc=\write5
\openout5 = `IC_Novo.toc'.

 (./IC_Novo.lof

LaTeX Warning: Citation `mecanica_dos_fluidos' on page 4 undefined on input lin
e 2.


LaTeX Warning: Citation `mecanica_dos_fluidos' on page 4 undefined on input lin
e 3.


LaTeX Warning: Citation `fonte_solar' on page 4 undefined on input line 4.


LaTeX Warning: Citation `mestrado_renan' on page 4 undefined on input line 5.


LaTeX Warning: Citation `mestrado_renan' on page 4 undefined on input line 6.


LaTeX Warning: Citation `energy_figure' on page 4 undefined on input line 8.


LaTeX Warning: Citation `energy_figure' on page 4 undefined on input line 9.


LaTeX Warning: Citation `energy_figure' on page 4 undefined on input line 10.


Package Fancyhdr Warning: \headheight is too small (13.59999pt): 
 Make it at least 14.4521pt.
 We now make it that large for the rest of the document.
 This may cause the page layout to be inconsistent, however.

Package babel Info: Redefining portuges shorthand "|
(babel)             in language  on input line 11.
Package babel Info: Redefining portuges shorthand "|
(babel)             in language  on input line 11.
[4]

LaTeX Warning: Citation `energy_figure' on page 5 undefined on input line 11.


LaTeX Warning: Citation `energy_figure' on page 5 undefined on input line 12.


LaTeX Warning: Citation `energy_figure' on page 5 undefined on input line 13.


LaTeX Warning: Citation `energy_figure' on page 5 undefined on input line 14.


LaTeX Warning: Citation `ultracapacitor_interno' on page 5 undefined on input l
ine 16.


LaTeX Warning: Citation `ultracapacitor_figura' on page 5 undefined on input li
ne 17.


LaTeX Warning: Citation `modelo_circuital' on page 5 undefined on input line 18
.


LaTeX Warning: Citation `modelo_circuital' on page 5 undefined on input line 19
.


LaTeX Warning: Citation `modelo_circuital' on page 5 undefined on input line 20
.


LaTeX Warning: Citation `banco_ultracapacitivo' on page 5 undefined on input li
ne 38.

)
\tf@lof=\write6
\openout6 = `IC_Novo.lof'.

Package babel Info: Redefining portuges shorthand "|
(babel)             in language  on input line 100.
Package babel Info: Redefining portuges shorthand "|
(babel)             in language  on input line 100.
 [5]
Package babel Info: Redefining portuges shorthand "|
(babel)             in language  on input line 102.


Package hyperref Warning: Difference (2) between bookmark levels is greater 
(hyperref)                than one, level fixed on input line 104.

Package babel Info: Redefining portuges shorthand "|
(babel)             in language  on input line 104.
Package babel Info: Redefining portuges shorthand "|
(babel)             in language  on input line 111.
Package babel Info: Redefining portuges shorthand "|
(babel)             in language  on input line 115.
Package babel Info: Redefining portuges shorthand "|
(babel)             in language  on input line 120.
Package babel Info: Redefining portuges shorthand "|
(babel)             in language  on input line 124.
Package babel Info: Redefining portuges shorthand "|
(babel)             in language  on input line 124.
[6]
Package babel Info: Redefining portuges shorthand "|
(babel)             in language  on input line 126.


LaTeX Warning: Citation `meio_ambiente' on page 7 undefined on input line 145.

<Alternative_energy2.pdf, id=347, 835.12pt x 415.954pt>
File: Alternative_energy2.pdf Graphic file (type pdf)

<use Alternative_energy2.pdf>
Package pdftex.def Info: Alternative_energy2.pdf used on input line 163.
(pdftex.def)             Requested size: 192.0548pt x 95.65471pt.


LaTeX Warning: Citation `mecanica_dos_fluidos' on page 7 undefined on input lin
e 164.


LaTeX Warning: Citation `mecanica_dos_fluidos' on page 7 undefined on input lin
e 164.

<Alternative_energy1.pdf, id=348, 745.18402pt x 496.254pt>
File: Alternative_energy1.pdf Graphic file (type pdf)

<use Alternative_energy1.pdf>
Package pdftex.def Info: Alternative_energy1.pdf used on input line 168.
(pdftex.def)             Requested size: 192.0548pt x 127.89473pt.


LaTeX Warning: Citation `mecanica_dos_fluidos' on page 7 undefined on input lin
e 169.


LaTeX Warning: Citation `mecanica_dos_fluidos' on page 7 undefined on input lin
e 169.

Package babel Info: Redefining portuges shorthand "|
(babel)             in language  on input line 182.
Package babel Info: Redefining portuges shorthand "|
(babel)             in language  on input line 182.
[7 <./Alternative_energy2.pdf> <./Alternative_energy1.pdf

pdfTeX warning: /usr/bin/pdflatex (file ./Alternative_energy1.pdf): PDF inclusi
on: multiple pdfs with page group included in a single page
>] <fonte_solar.pdf, id=363, 722.7pt x 481.8pt>
File: fonte_solar.pdf Graphic file (type pdf)
 <use fonte_solar.pdf>
Package pdftex.def Info: fonte_solar.pdf used on input line 185.
(pdftex.def)             Requested size: 426.79135pt x 284.53154pt.


LaTeX Warning: Citation `fonte_solar' on page 8 undefined on input line 186.

<irradiacao_cada_energia.pdf, id=365, 640.79402pt x 309.958pt>
File: irradiacao_cada_energia.pdf Graphic file (type pdf)

<use irradiacao_cada_energia.pdf>
Package pdftex.def Info: irradiacao_cada_energia.pdf used on input line 205.
(pdftex.def)             Requested size: 256.07741pt x 123.86748pt.


LaTeX Warning: Citation `mestrado_renan' on page 8 undefined on input line 207.



LaTeX Warning: `!h' float specifier changed to `!ht'.

Package babel Info: Redefining portuges shorthand "|
(babel)             in language  on input line 237.
Package babel Info: Redefining portuges shorthand "|
(babel)             in language  on input line 237.
[8 <./fonte_solar.pdf>]
<Estrutura_de_geracao_eolica_solar.pdf, id=375, 655.24799pt x 317.98799pt>
File: Estrutura_de_geracao_eolica_solar.pdf Graphic file (type pdf)

<use Estrutura_de_geracao_eolica_solar.pdf>
Package pdftex.def Info: Estrutura_de_geracao_eolica_solar.pdf used on input li
ne 241.
(pdftex.def)             Requested size: 426.79135pt x 207.12642pt.


LaTeX Warning: Citation `mestrado_renan' on page 9 undefined on input line 242.



LaTeX Warning: Citation `mestrado_renan' on page 9 undefined on input line 242.


Package babel Info: Redefining portuges shorthand "|
(babel)             in language  on input line 245.
Package babel Info: Redefining portuges shorthand "|
(babel)             in language  on input line 245.
[9 <./irradiacao_cada_energia.pdf> <./Estrutura_de_geracao_eolica_solar.pdf

pdfTeX warning: /usr/bin/pdflatex (file ./Estrutura_de_geracao_eolica_solar.pdf
): PDF inclusion: multiple pdfs with page group included in a single page
>] <capa1.pdf, id=387, 2007.5pt x 1182.01598pt>
File: capa1.pdf Graphic file (type pdf)
 <use capa1.pdf>
Package pdftex.def Info: capa1.pdf used on input line 253.
(pdftex.def)             Requested size: 674.33032pt x 397.04645pt.
Package babel Info: Redefining portuges shorthand "|
(babel)             in language  on input line 257.
Package babel Info: Redefining portuges shorthand "|
(babel)             in language  on input line 257.
 [10 <./capa1.pdf>]
Package babel Info: Redefining portuges shorthand "|
(babel)             in language  on input line 261.
 <topologia_de_equalizacao.pdf, id=396, 1002.14403pt x 328.42702pt>
File: topologia_de_equalizacao.pdf Graphic file (type pdf)

<use topologia_de_equalizacao.pdf>
Package pdftex.def Info: topologia_de_equalizacao.pdf used on input line 309.
(pdftex.def)             Requested size: 426.79135pt x 139.86778pt.


LaTeX Warning: Citation `energy_figure' on page 11 undefined on input line 310.



LaTeX Warning: `!h' float specifier changed to `!ht'.

Package babel Info: Redefining portuges shorthand "|
(babel)             in language  on input line 313.
Package babel Info: Redefining portuges shorthand "|
(babel)             in language  on input line 323.
Package babel Info: Redefining portuges shorthand "|
(babel)             in language  on input line 323.
[11


]
Package babel Info: Redefining portuges shorthand "|
(babel)             in language  on input line 323.
Package babel Info: Redefining portuges shorthand "|
(babel)             in language  on input line 330.
Package babel Info: Redefining portuges shorthand "|
(babel)             in language  on input line 346.
Package babel Info: Redefining portuges shorthand "|
(babel)             in language  on input line 346.
 [12 <./topologia_de_equalizacao.pdf>]
<equalizador_ativo.pdf, id=410, 434.42299pt x 293.095pt>
File: equalizador_ativo.pdf Graphic file (type pdf)

<use equalizador_ativo.pdf>
Package pdftex.def Info: equalizador_ativo.pdf used on input line 351.
(pdftex.def)             Requested size: 213.39568pt x 143.9711pt.


LaTeX Warning: Citation `energy_figure' on page 13 undefined on input line 352.


<ativo_com_controle.pdf, id=412, 786.13701pt x 408.727pt>
File: ativo_com_controle.pdf Graphic file (type pdf)

<use ativo_com_controle.pdf>
Package pdftex.def Info: ativo_com_controle.pdf used on input line 369.
(pdftex.def)             Requested size: 256.07741pt x 133.14029pt.


LaTeX Warning: Citation `energy_figure' on page 13 undefined on input line 370.


Package babel Info: Redefining portuges shorthand "|
(babel)             in language  on input line 378.
Package babel Info: Redefining portuges shorthand "|
(babel)             in language  on input line 380.
Package babel Info: Redefining portuges shorthand "|
(babel)             in language  on input line 390.
Package babel Info: Redefining portuges shorthand "|
(babel)             in language  on input line 390.
[13 <./equalizador_ativo.pdf> <./ativo_com_controle.pdf

pdfTeX warning: /usr/bin/pdflatex (file ./ativo_com_controle.pdf): PDF inclusio
n: multiple pdfs with page group included in a single page
>]
Package babel Info: Redefining portuges shorthand "|
(babel)             in language  on input line 390.

<topologia_equalizacao_capacitor_chaveado.pdf, id=426, 383.834pt x 444.05899pt>
File: topologia_equalizacao_capacitor_chaveado.pdf Graphic file (type pdf)
<use topologia_equalizacao_capacitor_chaveado.pdf>
Package pdftex.def Info: topologia_equalizacao_capacitor_chaveado.pdf used on i
nput line 399.
(pdftex.def)             Requested size: 256.07741pt x 296.27122pt.


LaTeX Warning: Citation `energy_figure' on page 14 undefined on input line 400.


Package babel Info: Redefining portuges shorthand "|
(babel)             in language  on input line 404.
<capacitor_unico_chaveado.pdf, id=427, 595.82597pt x 370.18298pt>
File: capacitor_unico_chaveado.pdf Graphic file (type pdf)

<use capacitor_unico_chaveado.pdf>
Package pdftex.def Info: capacitor_unico_chaveado.pdf used on input line 415.
(pdftex.def)             Requested size: 256.07741pt x 159.10214pt.


LaTeX Warning: Citation `energy_figure' on page 14 undefined on input line 416.



LaTeX Warning: `!h' float specifier changed to `!ht'.

Package babel Info: Redefining portuges shorthand "|
(babel)             in language  on input line 420.
Package babel Info: Redefining portuges shorthand "|
(babel)             in language  on input line 428.
Package babel Info: Redefining portuges shorthand "|
(babel)             in language  on input line 428.
[14 <./topologia_equalizacao_capacitor_chaveado.pdf>]
<capacitor_chaveado_duplo.pdf, id=437, 380.62201pt x 386.24298pt>
File: capacitor_chaveado_duplo.pdf Graphic file (type pdf)

<use capacitor_chaveado_duplo.pdf>
Package pdftex.def Info: capacitor_chaveado_duplo.pdf used on input line 431.
(pdftex.def)             Requested size: 256.07741pt x 259.87766pt.


LaTeX Warning: Citation `energy_figure' on page 15 undefined on input line 432.


Package babel Info: Redefining portuges shorthand "|
(babel)             in language  on input line 436.
Package babel Info: Redefining portuges shorthand "|
(babel)             in language  on input line 436.
[15 <./capacitor_unico_chaveado.pdf> <./capacitor_chaveado_duplo.pdf

pdfTeX warning: /usr/bin/pdflatex (file ./capacitor_chaveado_duplo.pdf): PDF in
clusion: multiple pdfs with page group included in a single page
>]
Package babel Info: Redefining portuges shorthand "|
(babel)             in language  on input line 438.
 <modulacao_por_baterias.pdf, id=449, 332.44202pt x 454.49799pt>
File: modulacao_por_baterias.pdf Graphic file (type pdf)

<use modulacao_por_baterias.pdf>
Package pdftex.def Info: modulacao_por_baterias.pdf used on input line 449.
(pdftex.def)             Requested size: 256.07741pt x 350.09628pt.


LaTeX Warning: Citation `energy_figure' on page 16 undefined on input line 450.


Package babel Info: Redefining portuges shorthand "|
(babel)             in language  on input line 454.
Package babel Info: Redefining portuges shorthand "|
(babel)             in language  on input line 454.
[16 <./modulacao_por_baterias.pdf>]
<capa2.jpg, id=458, 724.6272pt x 407.6028pt>
File: capa2.jpg Graphic file (type jpg)
 <use capa2.jpg>
Package pdftex.def Info: capa2.jpg used on input line 459.
(pdftex.def)             Requested size: 674.33032pt x 379.30923pt.
Package babel Info: Redefining portuges shorthand "|
(babel)             in language  on input line 463.
Package babel Info: Redefining portuges shorthand "|
(babel)             in language  on input line 463.
 [17 <./capa2.jpg>]
Package babel Info: Redefining portuges shorthand "|
(babel)             in language  on input line 467.
<Ultracapacitor_interno_construcao.pdf, id=463, 575.75098pt x 389.455pt>
File: Ultracapacitor_interno_construcao.pdf Graphic file (type pdf)

<use Ultracapacitor_interno_construcao.pdf>
Package pdftex.def Info: Ultracapacitor_interno_construcao.pdf used on input li
ne 490.
(pdftex.def)             Requested size: 426.79135pt x 288.70918pt.


LaTeX Warning: Citation `ultracapacitor_interno' on page 18 undefined on input 
line 491.

Package babel Info: Redefining portuges shorthand "|
(babel)             in language  on input line 508.
Package babel Info: Redefining portuges shorthand "|
(babel)             in language  on input line 508.
[18


 <./Ultracapacitor_interno_construcao.pdf>]
Package babel Info: Redefining portuges shorthand "|
(babel)             in language  on input line 509.

<ultracapacitores.pdf, id=472, 884.90598pt x 581.37201pt>
File: ultracapacitores.pdf Graphic file (type pdf)

<use ultracapacitores.pdf>
Package pdftex.def Info: ultracapacitores.pdf used on input line 526.
(pdftex.def)             Requested size: 426.79135pt x 280.40378pt.


LaTeX Warning: Citation `ultracapacitor_figura' on page 19 undefined on input l
ine 527.

Package babel Info: Redefining portuges shorthand "|
(babel)             in language  on input line 531.
Package babel Info: Redefining portuges shorthand "|
(babel)             in language  on input line 531.
[19 <./ultracapacitores.pdf>]
Underfull \hbox (badness 10000) in paragraph at lines 533--544

 []

<modelo_ultracap_1.pdf, id=482, 509.102pt x 138.11601pt>
File: modelo_ultracap_1.pdf Graphic file (type pdf)

<use modelo_ultracap_1.pdf>
Package pdftex.def Info: modelo_ultracap_1.pdf used on input line 547.
(pdftex.def)             Requested size: 128.0387pt x 34.73544pt.


LaTeX Warning: Citation `modelo_circuital' on page 20 undefined on input line 5
48.

<modelo_ultracap_2.pdf, id=483, 670.505pt x 359.74399pt>
File: modelo_ultracap_2.pdf Graphic file (type pdf)

<use modelo_ultracap_2.pdf>
Package pdftex.def Info: modelo_ultracap_2.pdf used on input line 554.
(pdftex.def)             Requested size: 128.0387pt x 68.6924pt.


LaTeX Warning: Citation `modelo_circuital' on page 20 undefined on input line 5
55.

<modelo_ultracap_3.pdf, id=484, 585.38701pt x 167.02399pt>
File: modelo_ultracap_3.pdf Graphic file (type pdf)

<use modelo_ultracap_3.pdf>
Package pdftex.def Info: modelo_ultracap_3.pdf used on input line 561.
(pdftex.def)             Requested size: 213.39568pt x 60.88551pt.


LaTeX Warning: Citation `modelo_circuital' on page 20 undefined on input line 5
62.

Package babel Info: Redefining portuges shorthand "|
(babel)             in language  on input line 578.
Package babel Info: Redefining portuges shorthand "|
(babel)             in language  on input line 578.
[20 <./modelo_ultracap_1.pdf> <./modelo_ultracap_2.pdf

pdfTeX warning: /usr/bin/pdflatex (file ./modelo_ultracap_2.pdf): PDF inclusion
: multiple pdfs with page group included in a single page
> <./modelo_ultracap_3.pdf

pdfTeX warning: /usr/bin/pdflatex (file ./modelo_ultracap_3.pdf): PDF inclusion
: multiple pdfs with page group included in a single page
>] <capa3.pdf, id=499, 1628.24313pt x 957.5775pt>
File: capa3.pdf Graphic file (type pdf)
 <use capa3.pdf>
Package pdftex.def Info: capa3.pdf used on input line 585.
(pdftex.def)             Requested size: 674.33032pt x 396.58363pt.
Package babel Info: Redefining portuges shorthand "|
(babel)             in language  on input line 588.
Package babel Info: Redefining portuges shorthand "|
(babel)             in language  on input line 588.
 [21 <./capa3.pdf>]
Package babel Info: Redefining portuges shorthand "|
(babel)             in language  on input line 592.
Package babel Info: Redefining portuges shorthand "|
(babel)             in language  on input line 594.
 <1.pdf, id=513, 237.16194pt x 237.16194pt>
File: 1.pdf Graphic file (type pdf)
 <use 1.pdf>
Package pdftex.def Info: 1.pdf used on input line 598.
(pdftex.def)             Requested size: 256.07741pt x 256.08041pt.

<Equalizador_de_tensao_ativo_nao_chaveado.pdf, id=514, 722.98409pt x 506.17406p
t>
File: Equalizador_de_tensao_ativo_nao_chaveado.pdf Graphic file (type pdf)
 <use Equalizador_de_tensao_ativo_nao_chaveado.pdf>
Package pdftex.def Info: Equalizador_de_tensao_ativo_nao_chaveado.pdf used on i
nput line 605.
(pdftex.def)             Requested size: 426.79135pt x 298.80229pt.


LaTeX Warning: `!h' float specifier changed to `!ht'.

Package babel Info: Redefining portuges shorthand "|
(babel)             in language  on input line 617.
Package babel Info: Redefining portuges shorthand "|
(babel)             in language  on input line 617.
[22


 <./1.pdf>]
Package babel Info: Redefining portuges shorthand "|
(babel)             in language  on input line 618.
 <et_1.pdf, id=530, 372.30765pt x 311.06644pt>
File: et_1.pdf Graphic file (type pdf)
 <use et_1.pdf>
Package pdftex.def Info: et_1.pdf used on input line 622.
(pdftex.def)             Requested size: 298.75264pt x 249.62715pt.

<ET_ativo_chaveado.pdf, id=531, 722.98409pt x 506.17406pt>
File: ET_ativo_chaveado.pdf Graphic file (type pdf)

<use ET_ativo_chaveado.pdf>
Package pdftex.def Info: ET_ativo_chaveado.pdf used on input line 629.
(pdftex.def)             Requested size: 426.79135pt x 298.80229pt.


LaTeX Warning: `!h' float specifier changed to `!ht'.

Package babel Info: Redefining portuges shorthand "|
(babel)             in language  on input line 638.
Package babel Info: Redefining portuges shorthand "|
(babel)             in language  on input line 638.
[23 <./Equalizador_de_tensao_ativo_nao_chaveado.pdf> <./et_1.pdf>]
Package babel Info: Redefining portuges shorthand "|
(babel)             in language  on input line 639.
Package babel Info: Redefining portuges shorthand "|
(babel)             in language  on input line 639.
 [24 <./ET_ativo_chaveado.pdf>]
Package babel Info: Redefining portuges shorthand "|
(babel)             in language  on input line 641.

<Equalizador_de_tensao_chaveado.pdf, id=554, 341.08502pt x 386.62029pt>
File: Equalizador_de_tensao_chaveado.pdf Graphic file (type pdf)

<use Equalizador_de_tensao_chaveado.pdf>
Package pdftex.def Info: Equalizador_de_tensao_chaveado.pdf used on input line 
645.
(pdftex.def)             Requested size: 426.79135pt x 483.79921pt.

<Equalizador_de_te_sao_chaveado.pdf, id=555, 722.98409pt x 506.17406pt>
File: Equalizador_de_te_sao_chaveado.pdf Graphic file (type pdf)

<use Equalizador_de_te_sao_chaveado.pdf>
Package pdftex.def Info: Equalizador_de_te_sao_chaveado.pdf used on input line 
652.
(pdftex.def)             Requested size: 426.79135pt x 298.80229pt.


LaTeX Warning: `!h' float specifier changed to `!ht'.

Package babel Info: Redefining portuges shorthand "|
(babel)             in language  on input line 663.
Package babel Info: Redefining portuges shorthand "|
(babel)             in language  on input line 663.
[25 <./Equalizador_de_tensao_chaveado.pdf>]
Package babel Info: Redefining portuges shorthand "|
(babel)             in language  on input line 665.

<ETCC1.pdf, id=572, 483.21082pt x 336.4126pt>
File: ETCC1.pdf Graphic file (type pdf)
 <use ETCC1.pdf>
Package pdftex.def Info: ETCC1.pdf used on input line 669.
(pdftex.def)             Requested size: 426.79135pt x 297.1425pt.


LaTeX Warning: `!h' float specifier changed to `!ht'.

<etcc.pdf, id=573, 722.98409pt x 506.17406pt>
File: etcc.pdf Graphic file (type pdf)
 <use etcc.pdf>
Package pdftex.def Info: etcc.pdf used on input line 676.
(pdftex.def)             Requested size: 341.43437pt x 239.04492pt.


LaTeX Warning: `!h' float specifier changed to `!ht'.

Package babel Info: Redefining portuges shorthand "|
(babel)             in language  on input line 686.
Package babel Info: Redefining portuges shorthand "|
(babel)             in language  on input line 686.
[26 <./Equalizador_de_te_sao_chaveado.pdf>]
Package babel Info: Redefining portuges shorthand "|
(babel)             in language  on input line 688.

<etc_3_capacitor.pdf, id=579, 367.91661pt x 295.77612pt>
File: etc_3_capacitor.pdf Graphic file (type pdf)

<use etc_3_capacitor.pdf>
Package pdftex.def Info: etc_3_capacitor.pdf used on input line 692.
(pdftex.def)             Requested size: 426.79135pt x 343.11407pt.


LaTeX Warning: `!h' float specifier changed to `!ht'.

<tres_capacitores.pdf, id=580, 4818.80281pt x 3373.40305pt>
File: tres_capacitores.pdf Graphic file (type pdf)

<use tres_capacitores.pdf>
Package pdftex.def Info: tres_capacitores.pdf used on input line 699.
(pdftex.def)             Requested size: 426.79135pt x 298.75462pt.


LaTeX Warning: `!h' float specifier changed to `!ht'.

Package babel Info: Redefining portuges shorthand "|
(babel)             in language  on input line 709.
Package babel Info: Redefining portuges shorthand "|
(babel)             in language  on input line 709.
[27 <./ETCC1.pdf> <./etcc.pdf>]
Package babel Info: Redefining portuges shorthand "|
(babel)             in language  on input line 710.
Package babel Info: Redefining portuges shorthand "|
(babel)             in language  on input line 710.
 [28 <./etc_3_capacitor.pdf>]
Package babel Info: Redefining portuges shorthand "|
(babel)             in language  on input line 712.

<ETC_Diversos_capacitores.pdf, id=612, 526.00108pt x 576.03531pt>
File: ETC_Diversos_capacitores.pdf Graphic file (type pdf)

<use ETC_Diversos_capacitores.pdf>
Package pdftex.def Info: ETC_Diversos_capacitores.pdf used on input line 716.
(pdftex.def)             Requested size: 426.79135pt x 467.41228pt.


LaTeX Warning: `!h' float specifier changed to `!ht'.

<diversos_capacitores.pdf, id=613, 4818.80281pt x 3373.40305pt>
File: diversos_capacitores.pdf Graphic file (type pdf)

<use diversos_capacitores.pdf>
Package pdftex.def Info: diversos_capacitores.pdf used on input line 723.
(pdftex.def)             Requested size: 426.79135pt x 298.75462pt.


LaTeX Warning: `!h' float specifier changed to `!ht'.

Package babel Info: Redefining portuges shorthand "|
(babel)             in language  on input line 734.
Package babel Info: Redefining portuges shorthand "|
(babel)             in language  on input line 734.
[29 <./tres_capacitores.pdf>]
Package babel Info: Redefining portuges shorthand "|
(babel)             in language  on input line 736.
Package babel Info: Redefining portuges shorthand "|
(babel)             in language  on input line 736.
 [30 <./ETC_Diversos_capacitores.pdf>]
Package babel Info: Redefining portuges shorthand "|
(babel)             in language  on input line 736.
Package babel Info: Redefining portuges shorthand "|
(babel)             in language  on input line 736.
 [31 <./diversos_capacitores.pdf>] <capa5.png, id=646, 1021.8175pt x 839.135pt>
File: capa5.png Graphic file (type png)

<use capa5.png>
Package pdftex.def Info: capa5.png used on input line 739.
(pdftex.def)             Requested size: 674.33032pt x 553.76678pt.
Package babel Info: Redefining portuges shorthand "|
(babel)             in language  on input line 743.
Package babel Info: Redefining portuges shorthand "|
(babel)             in language  on input line 743.
 [32 <./capa5.png (PNG copy)>]
Package babel Info: Redefining portuges shorthand "|
(babel)             in language  on input line 747.

<topologias_equalizadoras_de_100e_10ma.pdf, id=652, 460.79553pt x 512.51978pt>
File: topologias_equalizadoras_de_100e_10ma.pdf Graphic file (type pdf)

<use topologias_equalizadoras_de_100e_10ma.pdf>
Package pdftex.def Info: topologias_equalizadoras_de_100e_10ma.pdf used on inpu
t line 762.
(pdftex.def)             Requested size: 384.1096pt x 427.23691pt.

<simulacao_topologia_10ma_300ma.pdf, id=653, 4818.80281pt x 3373.40305pt>
File: simulacao_topologia_10ma_300ma.pdf Graphic file (type pdf)

<use simulacao_topologia_10ma_300ma.pdf>
Package pdftex.def Info: simulacao_topologia_10ma_300ma.pdf used on input line 
769.
(pdftex.def)             Requested size: 384.1096pt x 268.84828pt.


LaTeX Warning: `!h' float specifier changed to `!ht'.


Package Fancyhdr Warning: \headheight is too small (14.4521pt): 
 Make it at least 28.05211pt.
 We now make it that large for the rest of the document.
 This may cause the page layout to be inconsistent, however.

Package babel Info: Redefining portuges shorthand "|
(babel)             in language  on input line 774.
Package babel Info: Redefining portuges shorthand "|
(babel)             in language  on input line 774.
[33


 <./topologias_equalizadoras_de_100e_10ma.pdf>]
Package babel Info: Redefining portuges shorthand "|
(babel)             in language  on input line 781.

<equlizador_de_tensao.pdf, id=678, 232.067pt x 319.594pt>
File: equlizador_de_tensao.pdf Graphic file (type pdf)

<use equlizador_de_tensao.pdf>
Package pdftex.def Info: equlizador_de_tensao.pdf used on input line 801.
(pdftex.def)             Requested size: 234.73654pt x 323.27502pt.


LaTeX Warning: `!h' float specifier changed to `!ht'.

<ultracapacitor_banck.pdf, id=679, 822.27202pt x 546.04pt>
File: ultracapacitor_banck.pdf Graphic file (type pdf)

<use ultracapacitor_banck.pdf>
Package pdftex.def Info: ultracapacitor_banck.pdf used on input line 808.
(pdftex.def)             Requested size: 384.1096pt x 255.07243pt.


LaTeX Warning: Citation `banco_ultracapacitivo' on page 34 undefined on input l
ine 809.


LaTeX Warning: `!h' float specifier changed to `!ht'.

Package babel Info: Redefining portuges shorthand "|
(babel)             in language  on input line 813.
Package babel Info: Redefining portuges shorthand "|
(babel)             in language  on input line 813.
[34 <./simulacao_topologia_10ma_300ma.pdf>]

LaTeX Warning: Text page 35 contains only floats.

Package babel Info: Redefining portuges shorthand "|
(babel)             in language  on input line 813.
Package babel Info: Redefining portuges shorthand "|
(babel)             in language  on input line 813.
[35 <./equlizador_de_tensao.pdf> <./ultracapacitor_banck.pdf

pdfTeX warning: /usr/bin/pdflatex (file ./ultracapacitor_banck.pdf): PDF inclus
ion: multiple pdfs with page group included in a single page
>]
<simulacao_dipositivo_a_ser_construido.pdf, id=700, 4818.80281pt x 3373.40305pt
>
File: simulacao_dipositivo_a_ser_construido.pdf Graphic file (type pdf)
 <use simulacao_dipositivo_a_ser_construido.pdf>
Package pdftex.def Info: simulacao_dipositivo_a_ser_construido.pdf used on inpu
t line 821.
(pdftex.def)             Requested size: 384.1096pt x 268.84828pt.

<equalizer_project.pdf, id=703, 737.15402pt x 272.21701pt>
File: equalizer_project.pdf Graphic file (type pdf)

<use equalizer_project.pdf>
Package pdftex.def Info: equalizer_project.pdf used on input line 830.
(pdftex.def)             Requested size: 426.79135pt x 157.60767pt.

<Renderizacao_equalizer.pdf, id=704, 1035.06696pt x 399.091pt>
File: Renderizacao_equalizer.pdf Graphic file (type pdf)

<use Renderizacao_equalizer.pdf>
Package pdftex.def Info: Renderizacao_equalizer.pdf used on input line 837.
(pdftex.def)             Requested size: 426.79135pt x 164.55399pt.


LaTeX Warning: `!h' float specifier changed to `!ht'.

Package babel Info: Redefining portuges shorthand "|
(babel)             in language  on input line 842.
Package babel Info: Redefining portuges shorthand "|
(babel)             in language  on input line 848.
Package babel Info: Redefining portuges shorthand "|
(babel)             in language  on input line 848.
[36 <./simulacao_dipositivo_a_ser_construido.pdf> <./equalizer_project.pdf

pdfTeX warning: /usr/bin/pdflatex (file ./equalizer_project.pdf): PDF inclusion
: multiple pdfs with page group included in a single page
>]
Package babel Info: Redefining portuges shorthand "|
(babel)             in language  on input line 849.
Package babel Info: Redefining portuges shorthand "|
(babel)             in language  on input line 849.
 [37 <./Renderizacao_equalizer.pdf>] (./IC_Novo.bbl)
Package babel Info: Redefining portuges shorthand "|
(babel)             in language  on input line 854.
Package babel Info: Redefining portuges shorthand "|
(babel)             in language  on input line 854.
 [38]
Package atveryend Info: Empty hook `BeforeClearDocument' on input line 854.
Package atveryend Info: Empty hook `AfterLastShipout' on input line 854.
 (./IC_Novo.aux)
Package atveryend Info: Executing hook `AtVeryEndDocument' on input line 854.
Package atveryend Info: Executing hook `AtEndAfterFileList' on input line 854.
Package rerunfilecheck Info: File `IC_Novo.out' has not changed.
(rerunfilecheck)             Checksum: FC240A95609C93DB83D355A9562323B0;2179.


LaTeX Warning: There were undefined references.


LaTeX Warning: There were multiply-defined labels.

Package atveryend Info: Empty hook `AtVeryVeryEnd' on input line 854.
 ) 
Here is how much of TeX's memory you used:
 16241 strings out of 493304
 279209 string characters out of 6139871
 366538 words of memory out of 5000000
 19205 multiletter control sequences out of 15000+600000
 13077 words of font info for 48 fonts, out of 8000000 for 9000
 957 hyphenation exceptions out of 8191
 63i,15n,57p,455b,472s stack positions out of 5000i,500n,10000p,200000b,80000s
</usr/share/texlive/texmf-dist/fonts/type1/public/amsfonts/cm/cmbx10.pfb></us
r/share/texlive/texmf-dist/fonts/type1/public/amsfonts/cm/cmbx12.pfb></usr/shar
e/texlive/texmf-dist/fonts/type1/public/amsfonts/cm/cmbxti10.pfb></usr/share/te
xlive/texmf-dist/fonts/type1/public/amsfonts/cm/cmr10.pfb></usr/share/texlive/t
exmf-dist/fonts/type1/public/amsfonts/cm/cmr12.pfb></usr/share/texlive/texmf-di
st/fonts/type1/public/amsfonts/cm/cmr17.pfb></usr/share/texlive/texmf-dist/font
s/type1/public/amsfonts/cm/cmr8.pfb></usr/share/texlive/texmf-dist/fonts/type1/
public/amsfonts/cm/cmsl10.pfb></usr/share/texlive/texmf-dist/fonts/type1/public
/amsfonts/cm/cmti10.pfb>
Output written on IC_Novo.pdf (38 pages, 70199684 bytes).
PDF statistics:
 799 PDF objects out of 1000 (max. 8388607)
 647 compressed objects within 7 object streams
 119 named destinations out of 1000 (max. 500000)
 447 words of extra memory for PDF output out of 10000 (max. 10000000)

