\BOOKMARK [1][-]{section.1}{Descri\347\343o das Capas}{}% 1
\BOOKMARK [2][-]{subsubsection.1.0.1}{Capa 1 : Abertura do Trabalho}{section.1}% 2
\BOOKMARK [3][-]{subsubsection.1.0.2}{Capa 2 : Conjunto de Geradores E\363licos}{subsubsection.1.0.1}% 3
\BOOKMARK [3][-]{subsubsection.1.0.3}{Capa 3 : Simula\347\343o da Colis\343o H\351lice com Fluido}{subsubsection.1.0.1}% 4
\BOOKMARK [3][-]{subsubsection.1.0.4}{Capa 4 : Roteamento de Placas em V\341rias Camadas}{subsubsection.1.0.1}% 5
\BOOKMARK [1][-]{section.2}{Fontes Alternativas de Energia}{}% 6
\BOOKMARK [1][-]{section.3}{Equalizadores de Tens\343o}{}% 7
\BOOKMARK [2][-]{subsection.3.1}{M\351todo Passivo}{section.3}% 8
\BOOKMARK [2][-]{subsection.3.2}{M\351todo Ativo}{section.3}% 9
\BOOKMARK [2][-]{subsection.3.3}{Fixed Shunting Resistor}{section.3}% 10
\BOOKMARK [1][-]{section.4}{M\351todos Passivos}{}% 11
\BOOKMARK [2][-]{subsection.4.1}{M\351todos Pelos Capacitores de Shunting}{section.4}% 12
\BOOKMARK [2][-]{subsection.4.2}{Capacitor Chaveado}{section.4}% 13
\BOOKMARK [2][-]{subsection.4.3}{Capacitor \332nico Chaveado}{section.4}% 14
\BOOKMARK [2][-]{subsection.4.4}{Capacitor Duplo Chaveado}{section.4}% 15
\BOOKMARK [2][-]{subsection.4.5}{Modulariza\347\343o Por Baterias}{section.4}% 16
\BOOKMARK [1][-]{section.5}{Ultracapacitores}{}% 17
\BOOKMARK [2][-]{subsection.5.1}{Modelos Circuitais de Ultracapacitores}{section.5}% 18
\BOOKMARK [1][-]{section.6}{Simula\347\365es}{}% 19
\BOOKMARK [2][-]{subsection.6.1}{Topologia Resistor Shunting N\343o Chaveado}{section.6}% 20
\BOOKMARK [2][-]{subsection.6.2}{Topologia Resistor Shunting Chaveado}{section.6}% 21
\BOOKMARK [2][-]{subsection.6.3}{Capacitor Chaveado}{section.6}% 22
\BOOKMARK [2][-]{subsection.6.4}{Capacitor \332nico Chaveado}{section.6}% 23
\BOOKMARK [2][-]{subsection.6.5}{Capacitor Duplo Chaveado}{section.6}% 24
\BOOKMARK [2][-]{subsection.6.6}{Modula\347\343o Por Baterias}{section.6}% 25
\BOOKMARK [1][-]{section.7}{Constru\347\343o e An\341lise do Equalizador de Tens\343o Proposto no Presente Trabalho}{}% 26
\BOOKMARK [2][-]{subsection.7.1}{Constru\347\343o do Componente}{section.7}% 27
\BOOKMARK [1][-]{section.8}{Conclus\343o}{}% 28
